DEBUG - 2016-11-15 22:24:52 --> UTF-8 Support Enabled
DEBUG - 2016-11-15 22:24:52 --> Global POST, GET and COOKIE data sanitized
[2016-11-15 22:24:52][DEBUG] Util::writeJsonResult => [200] {
    "F2C224D4-2BCE-4C64-AF9F-A6D872000D1A": 1,
    "error": "ERR_LOGIN_FAILED",
    "message": "请求头未包含 X-WX-Code，请配合客户端 SDK 登录后再进行请求"
}

DEBUG - 2016-11-15 22:24:52 --> Total execution time: 0.0704
DEBUG - 2016-11-15 22:28:54 --> UTF-8 Support Enabled
DEBUG - 2016-11-15 22:28:54 --> No URI present. Default controller set.
DEBUG - 2016-11-15 22:28:54 --> Global POST, GET and COOKIE data sanitized
DEBUG - 2016-11-15 22:28:54 --> Total execution time: 0.0582
DEBUG - 2016-11-15 22:29:00 --> UTF-8 Support Enabled
DEBUG - 2016-11-15 22:29:00 --> Global POST, GET and COOKIE data sanitized
[2016-11-15 22:29:00][DEBUG] Util::writeJsonResult => [200] {
    "F2C224D4-2BCE-4C64-AF9F-A6D872000D1A": 1,
    "error": "ERR_LOGIN_FAILED",
    "message": "请求头未包含 X-WX-Code，请配合客户端 SDK 登录后再进行请求"
}

DEBUG - 2016-11-15 22:29:00 --> Total execution time: 0.0637
